[
  {
    LST: _ContractAddr {
      address: '0x28d709c875c0ceac3dce7065bec5328186dc89fe254527084d1689910954b0a'
    },
    WithdrawQueue: _ContractAddr {
      address: '0x518a66e579f9eb1603f5ffaeff95d3f013788e9c37ee94995555026b9648b6'
    },
    Asset: _ContractAddr {
      address: '0x4718f5a0fc34cc1af16a1cdee98ffb20c31f5cd61d6ab07201858f4287c938d'
    },
    swapExtension: _ContractAddr { address: '0x0' },
    minWithdrawalAutoProcessAmount: 10,
    maxWithdrawalsPerDay: 2000000,
    minUnstakeAmount: 50000,
    maxStakePerTx: 100000
  },
  {
    LST: _ContractAddr {
      address: '0x6a567e68c805323525fe1649adb80b03cddf92c23d2629a6779f54192dffc13'
    },
    WithdrawQueue: _ContractAddr {
      address: '0x670cdfa77487203cdf11d58db9617988d3a8fc2b22730594ed7d193a0430f72'
    },
    Asset: _ContractAddr {
      address: '0x3fe2b97c1fd336e750087d68b9b867997fd64a2661ff3ca5a7c771641e8e7ac'
    },
    swapExtension: _ContractAddr {
      address: '0x36758602e67438b6bc1f3bb08e6ff62f08fb8f472a801088f083f168d5f9ab5'
    },
    minWithdrawalAutoProcessAmount: 0.000001,
    maxWithdrawalsPerDay: 2,
    minUnstakeAmount: 0.05,
    maxStakePerTx: 0.1
  },
  {
    LST: _ContractAddr {
      address: '0x43a35c1425a0125ef8c171f1a75c6f31ef8648edcc8324b55ce1917db3f9b91'
    },
    WithdrawQueue: _ContractAddr {
      address: '0x35b194007fb5d9fd10cb1f8772ef45cced853e7b3239367de0e19ecba85d75a'
    },
    Asset: _ContractAddr {
      address: '0x4daa17763b286d1e59b97c283c0b8c949994c361e426a28f743c67bdfe9a32f'
    },
    swapExtension: _ContractAddr {
      address: '0x5d90974c6d8038cbec1e58b68d178e7a37796482c70aa0605c3263e70794210'
    },
    minWithdrawalAutoProcessAmount: 0.000001,
    maxWithdrawalsPerDay: 2,
    minUnstakeAmount: 0.05,
    maxStakePerTx: 0.1
  },
  {
    LST: _ContractAddr {
      address: '0x7dd3c80de9fcc5545f0cb83678826819c79619ed7992cc06ff81fc67cd2efe0'
    },
    WithdrawQueue: _ContractAddr {
      address: '0x293caaca81259f02f17bd85de5056624626fc7cb25ff79f104c3ef07a4649ec'
    },
    Asset: _ContractAddr {
      address: '0x36834a40984312f7f7de8d31e3f6305b325389eaeea5b1c0664b2fb936461a4'
    },
    swapExtension: _ContractAddr {
      address: '0x2e7ffc3b47f6e39ef2abba1d061b7a481f69d61b22af288fd752d355976b258'
    },
    minWithdrawalAutoProcessAmount: 0.000001,
    maxWithdrawalsPerDay: 2,
    minUnstakeAmount: 0.05,
    maxStakePerTx: 0.1
  },
  {
    LST: _ContractAddr {
      address: '0x580f3dc564a7b82f21d40d404b3842d490ae7205e6ac07b1b7af2b4a5183dc9'
    },
    WithdrawQueue: _ContractAddr {
      address: '0x45f4f8affbfa6ef794f3b5eee7855bd19321745c5b442ad935cad4ae6a61006'
    },
    Asset: _ContractAddr {
      address: '0x593e034dda23eea82d2ba9a30960ed42cf4a01502cc2351dc9b9881f9931a68'
    },
    swapExtension: _ContractAddr {
      address: '0x36b28dd54cdf7be39071805e80030f484cfbf746a3fd24382e6aba7e63cc523'
    },
    minWithdrawalAutoProcessAmount: 0.000001,
    maxWithdrawalsPerDay: 2,
    minUnstakeAmount: 0.05,
    maxStakePerTx: 0.1
  }
]
2025-09-23 15:05:11 [37mverbose[39m: [37mPath: /Users/vt/.starknet-store/accounts.json[39m
2025-09-23 15:05:11 [37mverbose[39m: [37mAccounts loaded for network: sepolia[39m
2025-09-23 15:05:11 [37mverbose[39m: [37mnAccounts loaded for network: 1[39m
2025-09-23 15:05:11 [37mverbose[39m: [37mAccount loaded: risk-manager from network: sepolia[39m
2025-09-23 15:05:11 [37mverbose[39m: [37mAddress: 0x054D159fA98b0f67b3d3B287aaE0340BF595D8f2A96ed99532785AEEF08c1eDe[39m
2025-09-23 15:05:11 [37mverbose[39m: [37mPath: /Users/vt/.starknet-store/accounts.json[39m
2025-09-23 15:05:11 [37mverbose[39m: [37mAccounts loaded for network: sepolia[39m
2025-09-23 15:05:11 [37mverbose[39m: [37mnAccounts loaded for network: 1[39m
2025-09-23 15:05:11 [37mverbose[39m: [37mAccount loaded: risk-manager from network: sepolia[39m
2025-09-23 15:05:11 [37mverbose[39m: [37mAddress: 0x054D159fA98b0f67b3d3B287aaE0340BF595D8f2A96ed99532785AEEF08c1eDe[39m
2025-09-23 15:05:11 [37mverbose[39m: [37mPath: /Users/vt/.starknet-store/accounts.json[39m
2025-09-23 15:05:11 [37mverbose[39m: [37mAccounts loaded for network: sepolia[39m
2025-09-23 15:05:11 [37mverbose[39m: [37mnAccounts loaded for network: 1[39m
2025-09-23 15:05:11 [37mverbose[39m: [37mAccount loaded: risk-manager from network: sepolia[39m
2025-09-23 15:05:11 [37mverbose[39m: [37mAddress: 0x054D159fA98b0f67b3d3B287aaE0340BF595D8f2A96ed99532785AEEF08c1eDe[39m
2025-09-23 15:05:11 [37mverbose[39m: [37mPath: /Users/vt/.starknet-store/accounts.json[39m
2025-09-23 15:05:11 [37mverbose[39m: [37mAccounts loaded for network: sepolia[39m
2025-09-23 15:05:11 [37mverbose[39m: [37mnAccounts loaded for network: 1[39m
2025-09-23 15:05:11 [37mverbose[39m: [37mAccount loaded: risk-manager from network: sepolia[39m
2025-09-23 15:05:11 [37mverbose[39m: [37mAddress: 0x054D159fA98b0f67b3d3B287aaE0340BF595D8f2A96ed99532785AEEF08c1eDe[39m
[32m[Nest] 16419  - [39m09/23/2025, 3:05:11 PM [32m    LOG[39m [38;5;3m[NestFactory] [39m[32mStarting Nest application...[39m
2025-09-23 15:05:11 [37mverbose[39m: [37mPath: /Users/vt/.starknet-store/accounts.json[39m
2025-09-23 15:05:11 [37mverbose[39m: [37mAccounts loaded for network: sepolia[39m
2025-09-23 15:05:11 [37mverbose[39m: [37mnAccounts loaded for network: 1[39m
2025-09-23 15:05:11 [37mverbose[39m: [37mAccount loaded: risk-manager from network: sepolia[39m
2025-09-23 15:05:11 [37mverbose[39m: [37mAddress: 0x054D159fA98b0f67b3d3B287aaE0340BF595D8f2A96ed99532785AEEF08c1eDe[39m
[32m[Nest] 16419  - [39m09/23/2025, 3:05:11 PM [32m    LOG[39m [38;5;3m[InstanceLoader] [39m[32mDiscoveryModule dependencies initialized[39m[38;5;3m +34ms[39m
[32m[Nest] 16419  - [39m09/23/2025, 3:05:11 PM [32m    LOG[39m [38;5;3m[InstanceLoader] [39m[32mAppModule dependencies initialized[39m[38;5;3m +0ms[39m
[32m[Nest] 16419  - [39m09/23/2025, 3:05:11 PM [32m    LOG[39m [38;5;3m[InstanceLoader] [39m[32mScheduleModule dependencies initialized[39m[38;5;3m +0ms[39m
[32m[Nest] 16419  - [39m09/23/2025, 3:05:11 PM [32m    LOG[39m [38;5;3m[RoutesResolver] [39m[32mStatusController {/}:[39m[38;5;3m +2ms[39m
[32m[Nest] 16419  - [39m09/23/2025, 3:05:11 PM [32m    LOG[39m [38;5;3m[RouterExplorer] [39m[32mMapped {/, GET} route[39m[38;5;3m +1ms[39m
Running task on application start...
Waiting for ValidatorRegistryService to initialize...
[32m[Nest] 16419  - [39m09/23/2025, 3:05:11 PM [32m    LOG[39m [38;5;3m[CronService] [39m[32mValidatorRegistryService not initialized yet, waiting...[39m
[96m[Nest] 16419  - [39m09/23/2025, 3:05:12 PM [96mVERBOSE[39m [38;5;3m[ValidatorRegistryService] [39m[96mgetValidators len: 3[39m
[96m[Nest] 16419  - [39m09/23/2025, 3:05:12 PM [96mVERBOSE[39m [38;5;3m[ValidatorRegistryService] [39m[96mgetValidatorTokenInfo: {"isSupported":true,"stakedAmount":"0","pendingStakeAmount":"0","lastEpoch":0,"tokenAddress":{"address":"0x44ad07751ad782288413c7db42c48e1c4f6195876bca3b6caef449bb4fb8d36"},"delegators":[]}[39m
[96m[Nest] 16419  - [39m09/23/2025, 3:05:12 PM [96mVERBOSE[39m [38;5;3m[ValidatorRegistryService] [39m[96mgetValidatorTokenInfo: {"isSupported":true,"stakedAmount":"1572.351174807091564339","pendingStakeAmount":"0","lastEpoch":0,"tokenAddress":{"address":"0x4718f5a0fc34cc1af16a1cdee98ffb20c31f5cd61d6ab07201858f4287c938d"},"delegators":[]}[39m
[96m[Nest] 16419  - [39m09/23/2025, 3:05:12 PM [96mVERBOSE[39m [38;5;3m[ValidatorRegistryService] [39m[96mgetValidatorTokenInfo: {"isSupported":false,"stakedAmount":"0","pendingStakeAmount":"0","lastEpoch":0,"tokenAddress":{"address":"0x7e97477601e5606359303cf50c050fd3ba94f66bd041f4ed504673ba2b81696"},"delegators":[]}[39m
[32m[Nest] 16419  - [39m09/23/2025, 3:05:12 PM [32m    LOG[39m [38;5;3m[CronService] [39m[32mValidatorRegistryService not initialized yet, waiting...[39m
[96m[Nest] 16419  - [39m09/23/2025, 3:05:13 PM [96mVERBOSE[39m [38;5;3m[ValidatorRegistryService] [39m[96mgetDelegators len: 0 for validator: 0x5ad30aacd2ef41f64c1c00fb9da8d81f3062069148387af0f34a1cc22319908 and token: 0x44ad07751ad782288413c7db42c48e1c4f6195876bca3b6caef449bb4fb8d36[39m
[96m[Nest] 16419  - [39m09/23/2025, 3:05:13 PM [96mVERBOSE[39m [38;5;3m[ValidatorRegistryService] [39m[96mgetDelegators: [][39m
[96m[Nest] 16419  - [39m09/23/2025, 3:05:13 PM [96mVERBOSE[39m [38;5;3m[ValidatorRegistryService] [39m[96mgetDelegators len: 2 for validator: 0x5ad30aacd2ef41f64c1c00fb9da8d81f3062069148387af0f34a1cc22319908 and token: 0x4718f5a0fc34cc1af16a1cdee98ffb20c31f5cd61d6ab07201858f4287c938d[39m
[32m[Nest] 16419  - [39m09/23/2025, 3:05:13 PM [32m    LOG[39m [38;5;3m[CronService] [39m[32mValidatorRegistryService not initialized yet, waiting...[39m
